<?xml version="1.0" encoding="UTF-8"?>
<testng-results skipped="0" failed="1" ignored="0" total="1" passed="0">
  <reporter-output>
  </reporter-output>
  <suite name="Default suite" duration-ms="163105" started-at="2018-03-11T09:52:23Z" finished-at="2018-03-11T09:55:06Z">
    <groups>
    </groups>
    <test name="Default test" duration-ms="163105" started-at="2018-03-11T09:52:23Z" finished-at="2018-03-11T09:55:06Z">
      <class name="com.ChannelPatner.signup.AddDistributor">
        <test-method status="PASS" signature="Testskip()[pri:0, instance:com.ChannelPatner.signup.AddDistributor@1d3ac898]" name="Testskip" is-config="true" duration-ms="34" started-at="2018-03-11T09:52:23Z" finished-at="2018-03-11T09:52:23Z">
          <reporter-output>
          </reporter-output>
        </test-method> <!-- Testskip -->
        <test-method status="FAIL" signature="Adddistributors(java.util.Hashtable)[pri:0, instance:com.ChannelPatner.signup.AddDistributor@1d3ac898]" name="Adddistributors" duration-ms="161131" started-at="2018-03-11T09:52:23Z" data-provider="getData" finished-at="2018-03-11T09:55:04Z">
          <params>
            <param index="0">
              <value>
                <![CDATA[{Pincode=401105, Actual Result=, Result=Fail, Firm Name=Ajinkya, Runmode=Y, Mobile=7101001122, Email=ajinka@ajinkya.com, Name=Ajinkya, Error=, Otp=35621}]]>
              </value>
            </param>
          </params>
          <exception class="org.openqa.selenium.NoSuchElementException">
            <message>
              <![CDATA[An element could not be located on the page using the given search parameters. (WARNING: The server did not provide any stacktrace information)
Command duration or timeout: 0 milliseconds
For documentation on this error, please visit: http://seleniumhq.org/exceptions/no_such_element.html
Build info: version: '3.8.1', revision: '6e95a6684b', time: '2017-12-01T18:33:54.468Z'
System info: host: 'pay1lap51', ip: '127.0.1.1', os.name: 'Linux', os.arch: 'amd64', os.version: '4.4.0-116-generic', java.version: '1.8.0_161'
Driver info: io.appium.java_client.android.AndroidDriver
Capabilities {appActivity: com.mindsarray.pay1distribu..., appPackage: com.mindsarray.pay1distributor, browserName: Android, databaseEnabled: false, desired: {appActivity: com.mindsarray.pay1distribu..., appPackage: com.mindsarray.pay1distributor, browserName: Android, deviceName: TOQOPBH6AYBQCIP7, platformName: Android, version: 6.0}, deviceManufacturer: LENOVO, deviceModel: Lenovo K50a40, deviceName: TOQOPBH6AYBQCIP7, deviceScreenSize: 1080x1920, deviceUDID: TOQOPBH6AYBQCIP7, javascriptEnabled: true, locationContextEnabled: false, networkConnectionEnabled: true, platform: LINUX, platformName: LINUX, platformVersion: 6.0, takesScreenshot: true, version: 6.0, warnings: {}, webStorageEnabled: false}
Session ID: c73f8312-7cc6-4584-a72d-2fdb86a55344
*** Element info: {Using=xpath, value=//android.widget.TextView[@text='Become a Distributor']}]]>
            </message>
            <full-stacktrace>
              <![CDATA[org.openqa.selenium.NoSuchElementException: An element could not be located on the page using the given search parameters. (WARNING: The server did not provide any stacktrace information)
Command duration or timeout: 0 milliseconds
For documentation on this error, please visit: http://seleniumhq.org/exceptions/no_such_element.html
Build info: version: '3.8.1', revision: '6e95a6684b', time: '2017-12-01T18:33:54.468Z'
System info: host: 'pay1lap51', ip: '127.0.1.1', os.name: 'Linux', os.arch: 'amd64', os.version: '4.4.0-116-generic', java.version: '1.8.0_161'
Driver info: io.appium.java_client.android.AndroidDriver
Capabilities {appActivity: com.mindsarray.pay1distribu..., appPackage: com.mindsarray.pay1distributor, browserName: Android, databaseEnabled: false, desired: {appActivity: com.mindsarray.pay1distribu..., appPackage: com.mindsarray.pay1distributor, browserName: Android, deviceName: TOQOPBH6AYBQCIP7, platformName: Android, version: 6.0}, deviceManufacturer: LENOVO, deviceModel: Lenovo K50a40, deviceName: TOQOPBH6AYBQCIP7, deviceScreenSize: 1080x1920, deviceUDID: TOQOPBH6AYBQCIP7, javascriptEnabled: true, locationContextEnabled: false, networkConnectionEnabled: true, platform: LINUX, platformName: LINUX, platformVersion: 6.0, takesScreenshot: true, version: 6.0, warnings: {}, webStorageEnabled: false}
Session ID: c73f8312-7cc6-4584-a72d-2fdb86a55344
*** Element info: {Using=xpath, value=//android.widget.TextView[@text='Become a Distributor']}
at sun.reflect.NativeConstructorAccessorImpl.newInstance0(Native Method)
at sun.reflect.NativeConstructorAccessorImpl.newInstance(NativeConstructorAccessorImpl.java:62)
at sun.reflect.DelegatingConstructorAccessorImpl.newInstance(DelegatingConstructorAccessorImpl.java:45)
at java.lang.reflect.Constructor.newInstance(Constructor.java:423)
at org.openqa.selenium.remote.ErrorHandler.createThrowable(ErrorHandler.java:214)
at org.openqa.selenium.remote.ErrorHandler.throwIfResponseFailed(ErrorHandler.java:166)
at org.openqa.selenium.remote.http.JsonHttpResponseCodec.reconstructValue(JsonHttpResponseCodec.java:40)
at org.openqa.selenium.remote.http.AbstractHttpResponseCodec.decode(AbstractHttpResponseCodec.java:80)
at org.openqa.selenium.remote.http.AbstractHttpResponseCodec.decode(AbstractHttpResponseCodec.java:44)
at org.openqa.selenium.remote.HttpCommandExecutor.execute(HttpCommandExecutor.java:164)
at io.appium.java_client.remote.AppiumCommandExecutor.execute(AppiumCommandExecutor.java:89)
at org.openqa.selenium.remote.RemoteWebDriver.execute(RemoteWebDriver.java:601)
at io.appium.java_client.DefaultGenericMobileDriver.execute(DefaultGenericMobileDriver.java:42)
at io.appium.java_client.AppiumDriver.execute(AppiumDriver.java:1)
at io.appium.java_client.android.AndroidDriver.execute(AndroidDriver.java:1)
at org.openqa.selenium.remote.RemoteWebDriver.findElement(RemoteWebDriver.java:371)
at io.appium.java_client.DefaultGenericMobileDriver.findElement(DefaultGenericMobileDriver.java:62)
at io.appium.java_client.AppiumDriver.findElement(AppiumDriver.java:1)
at io.appium.java_client.android.AndroidDriver.findElement(AndroidDriver.java:1)
at org.openqa.selenium.remote.RemoteWebDriver.findElementByXPath(RemoteWebDriver.java:473)
at io.appium.java_client.DefaultGenericMobileDriver.findElementByXPath(DefaultGenericMobileDriver.java:140)
at io.appium.java_client.AppiumDriver.findElementByXPath(AppiumDriver.java:1)
at io.appium.java_client.android.AndroidDriver.findElementByXPath(AndroidDriver.java:1)
at org.openqa.selenium.By$ByXPath.findElement(By.java:361)
at org.openqa.selenium.remote.RemoteWebDriver.findElement(RemoteWebDriver.java:363)
at io.appium.java_client.DefaultGenericMobileDriver.findElement(DefaultGenericMobileDriver.java:58)
at io.appium.java_client.AppiumDriver.findElement(AppiumDriver.java:1)
at io.appium.java_client.android.AndroidDriver.findElement(AndroidDriver.java:1)
at com.ChannelPatner.signup.AddDistributor.Adddistributors(AddDistributor.java:76)
at sun.reflect.NativeMethodAccessorImpl.invoke0(Native Method)
at sun.reflect.NativeMethodAccessorImpl.invoke(NativeMethodAccessorImpl.java:62)
at sun.reflect.DelegatingMethodAccessorImpl.invoke(DelegatingMethodAccessorImpl.java:43)
at java.lang.reflect.Method.invoke(Method.java:498)
at org.testng.internal.MethodInvocationHelper.invokeMethod(MethodInvocationHelper.java:124)
at org.testng.internal.Invoker.invokeMethod(Invoker.java:580)
at org.testng.internal.Invoker.invokeTestMethod(Invoker.java:716)
at org.testng.internal.Invoker.invokeTestMethods(Invoker.java:988)
at org.testng.internal.TestMethodWorker.invokeTestMethods(TestMethodWorker.java:125)
at org.testng.internal.TestMethodWorker.run(TestMethodWorker.java:109)
at org.testng.TestRunner.privateRun(TestRunner.java:648)
at org.testng.TestRunner.run(TestRunner.java:505)
at org.testng.SuiteRunner.runTest(SuiteRunner.java:455)
at org.testng.SuiteRunner.runSequentially(SuiteRunner.java:450)
at org.testng.SuiteRunner.privateRun(SuiteRunner.java:415)
at org.testng.SuiteRunner.run(SuiteRunner.java:364)
at org.testng.SuiteRunnerWorker.runSuite(SuiteRunnerWorker.java:52)
at org.testng.SuiteRunnerWorker.run(SuiteRunnerWorker.java:84)
at org.testng.TestNG.runSuitesSequentially(TestNG.java:1208)
at org.testng.TestNG.runSuitesLocally(TestNG.java:1137)
at org.testng.TestNG.runSuites(TestNG.java:1049)
at org.testng.TestNG.run(TestNG.java:1017)
at org.testng.remote.AbstractRemoteTestNG.run(AbstractRemoteTestNG.java:114)
at org.testng.remote.RemoteTestNG.initAndRun(RemoteTestNG.java:251)
at org.testng.remote.RemoteTestNG.main(RemoteTestNG.java:77)
]]>
            </full-stacktrace>
          </exception> <!-- org.openqa.selenium.NoSuchElementException -->
          <reporter-output>
          </reporter-output>
        </test-method> <!-- Adddistributors -->
        <test-method status="PASS" signature="reporter()[pri:0, instance:com.ChannelPatner.signup.AddDistributor@1d3ac898]" name="reporter" is-config="true" duration-ms="973" started-at="2018-03-11T09:55:04Z" finished-at="2018-03-11T09:55:05Z">
          <reporter-output>
          </reporter-output>
        </test-method> <!-- reporter -->
        <test-method status="PASS" signature="reportTestResult()[pri:0, instance:com.ChannelPatner.signup.AddDistributor@1d3ac898]" name="reportTestResult" is-config="true" duration-ms="905" started-at="2018-03-11T09:55:05Z" finished-at="2018-03-11T09:55:06Z">
          <reporter-output>
          </reporter-output>
        </test-method> <!-- reportTestResult -->
      </class> <!-- com.ChannelPatner.signup.AddDistributor -->
    </test> <!-- Default test -->
  </suite> <!-- Default suite -->
</testng-results>
